2025-12-07 21:58:39.314 [info] [main] Log level: Info
2025-12-07 21:58:39.314 [info] [main] Validating found git in: "git"
2025-12-07 21:58:39.314 [info] [main] Using git "2.52.0" from "git"
2025-12-07 21:58:39.314 [info] [Model][doInitialScan] Initial repository scan started
2025-12-07 21:58:39.314 [info] > git rev-parse --show-toplevel [5ms]
2025-12-07 21:58:39.314 [info] fatal: not a git repository (or any parent up to mount point /)
Stopping at filesystem boundary (GIT_DISCOVERY_ACROSS_FILESYSTEM not set).
2025-12-07 21:58:39.314 [info] > git rev-parse --show-toplevel [3ms]
2025-12-07 21:58:39.314 [info] fatal: not a git repository (or any parent up to mount point /)
Stopping at filesystem boundary (GIT_DISCOVERY_ACROSS_FILESYSTEM not set).
2025-12-07 21:58:39.314 [info] > git rev-parse --show-toplevel [1ms]
2025-12-07 21:58:39.314 [info] fatal: not a git repository (or any parent up to mount point /)
Stopping at filesystem boundary (GIT_DISCOVERY_ACROSS_FILESYSTEM not set).
2025-12-07 21:58:39.314 [info] > git rev-parse --show-toplevel [0ms]
2025-12-07 21:58:39.314 [info] fatal: not a git repository (or any parent up to mount point /)
Stopping at filesystem boundary (GIT_DISCOVERY_ACROSS_FILESYSTEM not set).
2025-12-07 21:58:39.314 [info] [Model][doInitialScan] Initial repository scan completed - repositories (0), closed repositories (0), parent repositories (0), unsafe repositories (0)
2025-12-07 21:58:39.314 [info] > git rev-parse --show-toplevel [1ms]
2025-12-07 21:58:39.314 [info] fatal: not a git repository (or any parent up to mount point /)
Stopping at filesystem boundary (GIT_DISCOVERY_ACROSS_FILESYSTEM not set).
2025-12-07 21:58:39.362 [info] > git rev-parse --show-toplevel [26ms]
2025-12-07 21:58:39.362 [info] fatal: not a git repository (or any parent up to mount point /)
Stopping at filesystem boundary (GIT_DISCOVERY_ACROSS_FILESYSTEM not set).
2025-12-07 21:58:41.031 [info] > git rev-parse --show-toplevel [1ms]
2025-12-07 21:58:41.031 [info] fatal: not a git repository (or any parent up to mount point /)
Stopping at filesystem boundary (GIT_DISCOVERY_ACROSS_FILESYSTEM not set).
