2025-12-08 13:44:40.433 [info] [main] Log level: Info
2025-12-08 13:44:40.433 [info] [main] Validating found git in: "git"
2025-12-08 13:44:40.491 [info] [main] Using git "2.52.0" from "git"
2025-12-08 13:44:40.491 [info] [Model][doInitialScan] Initial repository scan started
2025-12-08 13:44:40.580 [info] > git rev-parse --show-toplevel [79ms]
2025-12-08 13:44:40.580 [info] fatal: not a git repository (or any parent up to mount point /)
Stopping at filesystem boundary (GIT_DISCOVERY_ACROSS_FILESYSTEM not set).
2025-12-08 13:44:40.605 [info] > git rev-parse --show-toplevel [2ms]
2025-12-08 13:44:40.605 [info] fatal: not a git repository (or any parent up to mount point /)
Stopping at filesystem boundary (GIT_DISCOVERY_ACROSS_FILESYSTEM not set).
2025-12-08 13:44:40.608 [info] > git rev-parse --show-toplevel [0ms]
2025-12-08 13:44:40.608 [info] fatal: not a git repository (or any parent up to mount point /)
Stopping at filesystem boundary (GIT_DISCOVERY_ACROSS_FILESYSTEM not set).
2025-12-08 13:44:40.610 [info] [Model][doInitialScan] Initial repository scan completed - repositories (0), closed repositories (0), parent repositories (0), unsafe repositories (0)
2025-12-08 13:44:41.283 [info] > git rev-parse --show-toplevel [1ms]
2025-12-08 13:44:41.283 [info] fatal: not a git repository (or any parent up to mount point /)
Stopping at filesystem boundary (GIT_DISCOVERY_ACROSS_FILESYSTEM not set).
2025-12-08 13:44:41.583 [info] > git rev-parse --show-toplevel [2ms]
2025-12-08 13:44:41.583 [info] fatal: not a git repository (or any parent up to mount point /)
Stopping at filesystem boundary (GIT_DISCOVERY_ACROSS_FILESYSTEM not set).
2025-12-08 13:44:45.864 [info] > git rev-parse --show-toplevel [1ms]
2025-12-08 13:44:45.864 [info] fatal: not a git repository (or any parent up to mount point /)
Stopping at filesystem boundary (GIT_DISCOVERY_ACROSS_FILESYSTEM not set).
