2025-12-10 12:11:14.821 [info] Extension host with pid 2204 started
2025-12-10 12:11:14.821 [info] Skipping acquiring lock for /home/bruno/.config/Code - OSS/User/workspaceStorage/d7c05a18f8c36aff9701467f03aae4c8.
2025-12-10 12:11:14.880 [info] ExtensionService#_doActivateExtension vscode.github-authentication, startup: false, activationEvent: 'onAuthenticationRequest:github'
2025-12-10 12:11:14.897 [info] ExtensionService#_doActivateExtension vscode.emmet, startup: false, activationEvent: 'onLanguage'
2025-12-10 12:11:14.935 [info] ExtensionService#_doActivateExtension vscode.git-base, startup: true, activationEvent: '*', root cause: vscode.git
2025-12-10 12:11:14.953 [info] ExtensionService#_doActivateExtension vscode.git, startup: true, activationEvent: '*'
2025-12-10 12:11:14.984 [info] ExtensionService#_doActivateExtension vscode.github, startup: true, activationEvent: '*'
2025-12-10 12:11:15.031 [info] Eager extensions activated
2025-12-10 12:11:15.037 [info] ExtensionService#_doActivateExtension vscode.debug-auto-launch, startup: false, activationEvent: 'onStartupFinished'
2025-12-10 12:11:15.038 [info] ExtensionService#_doActivateExtension vscode.merge-conflict, startup: false, activationEvent: 'onStartupFinished'
2025-12-10 12:11:16.989 [info] Extension host terminating: renderer closed the MessagePort
2025-12-10 12:11:16.992 [info] Extension host with pid 2204 exiting with code 0
2025-12-10 12:11:17.498 [info] Extension host with pid 2325 started
2025-12-10 12:11:17.503 [info] ExtensionService#_doActivateExtension vscode.github-authentication, startup: false, activationEvent: 'onAuthenticationRequest:github'
2025-12-10 12:11:17.519 [info] ExtensionService#_doActivateExtension vscode.git-base, startup: true, activationEvent: '*', root cause: vscode.git
2025-12-10 12:11:17.522 [info] ExtensionService#_doActivateExtension vscode.git, startup: true, activationEvent: '*'
2025-12-10 12:11:17.546 [info] ExtensionService#_doActivateExtension vscode.github, startup: true, activationEvent: '*'
2025-12-10 12:11:17.583 [info] Eager extensions activated
2025-12-10 12:11:17.583 [info] ExtensionService#_doActivateExtension vscode.debug-auto-launch, startup: false, activationEvent: 'onStartupFinished'
2025-12-10 12:11:17.584 [info] ExtensionService#_doActivateExtension vscode.merge-conflict, startup: false, activationEvent: 'onStartupFinished'
2025-12-10 12:11:51.210 [info] Extension host terminating: renderer closed the MessagePort
2025-12-10 12:11:51.213 [info] Extension host with pid 2325 exiting with code 0
2025-12-10 12:11:51.808 [info] Extension host with pid 12787 started
2025-12-10 12:11:51.809 [info] Skipping acquiring lock for /home/bruno/.config/Code - OSS/User/workspaceStorage/02993c2e15d1f786982c53f8258961b7.
2025-12-10 12:11:51.848 [info] ExtensionService#_doActivateExtension vscode.github-authentication, startup: false, activationEvent: 'onAuthenticationRequest:github'
2025-12-10 12:11:51.863 [info] ExtensionService#_doActivateExtension vscode.emmet, startup: false, activationEvent: 'onLanguage'
2025-12-10 12:11:51.882 [info] ExtensionService#_doActivateExtension vscode.git-base, startup: true, activationEvent: '*'
2025-12-10 12:11:51.886 [info] ExtensionService#_doActivateExtension vscode.github, startup: true, activationEvent: '*'
2025-12-10 12:11:51.913 [info] Eager extensions activated
2025-12-10 12:11:51.914 [info] ExtensionService#_doActivateExtension vscode.debug-auto-launch, startup: false, activationEvent: 'onStartupFinished'
2025-12-10 12:11:51.915 [info] ExtensionService#_doActivateExtension vscode.merge-conflict, startup: false, activationEvent: 'onStartupFinished'
2025-12-10 12:11:53.704 [info] ExtensionService#_doActivateExtension vscode.git, startup: false, activationEvent: 'api', root cause: vscode.github
2025-12-10 12:12:14.647 [info] ExtensionService#_doActivateExtension vscode.ipynb, startup: false, activationEvent: 'onNotebookSerializer:jupyter-notebook'
2025-12-10 12:24:59.152 [info] ExtensionService#_doActivateExtension vscode.extension-editing, startup: false, activationEvent: 'onLanguage:markdown'
2025-12-10 12:24:59.162 [info] ExtensionService#_doActivateExtension vscode.markdown-language-features, startup: false, activationEvent: 'onLanguage:markdown'
2025-12-10 12:24:59.389 [info] ExtensionService#_doActivateExtension vscode.markdown-math, startup: false, activationEvent: 'api', root cause: vscode.markdown-language-features
2025-12-10 12:32:54.541 [info] Extension host terminating: renderer closed the MessagePort
2025-12-10 12:32:54.545 [info] Extension host with pid 12787 exiting with code 0
