2025-12-08 03:28:44.538 [info] [main] Log level: Info
2025-12-08 03:28:44.538 [info] [main] Validating found git in: "git"
2025-12-08 03:28:44.538 [info] [main] Using git "2.52.0" from "git"
2025-12-08 03:28:44.538 [info] [Model][doInitialScan] Initial repository scan started
2025-12-08 03:28:44.538 [info] > git rev-parse --show-toplevel [12ms]
2025-12-08 03:28:44.538 [info] fatal: not a git repository (or any parent up to mount point /)
Stopping at filesystem boundary (GIT_DISCOVERY_ACROSS_FILESYSTEM not set).
2025-12-08 03:28:44.538 [info] > git rev-parse --show-toplevel [1ms]
2025-12-08 03:28:44.538 [info] fatal: not a git repository (or any parent up to mount point /)
Stopping at filesystem boundary (GIT_DISCOVERY_ACROSS_FILESYSTEM not set).
2025-12-08 03:28:44.541 [info] > git rev-parse --show-toplevel [0ms]
2025-12-08 03:28:44.541 [info] fatal: not a git repository (or any parent up to mount point /)
Stopping at filesystem boundary (GIT_DISCOVERY_ACROSS_FILESYSTEM not set).
2025-12-08 03:28:44.544 [info] > git rev-parse --show-toplevel [2ms]
2025-12-08 03:28:44.544 [info] fatal: not a git repository (or any parent up to mount point /)
Stopping at filesystem boundary (GIT_DISCOVERY_ACROSS_FILESYSTEM not set).
2025-12-08 03:28:44.545 [info] [Model][doInitialScan] Initial repository scan completed - repositories (0), closed repositories (0), parent repositories (0), unsafe repositories (0)
2025-12-08 03:28:44.601 [info] > git rev-parse --show-toplevel [1ms]
2025-12-08 03:28:44.601 [info] fatal: not a git repository (or any parent up to mount point /)
Stopping at filesystem boundary (GIT_DISCOVERY_ACROSS_FILESYSTEM not set).
2025-12-08 03:28:44.604 [info] > git rev-parse --show-toplevel [0ms]
2025-12-08 03:28:44.604 [info] fatal: not a git repository (or any parent up to mount point /)
Stopping at filesystem boundary (GIT_DISCOVERY_ACROSS_FILESYSTEM not set).
2025-12-08 03:28:44.608 [info] > git rev-parse --show-toplevel [3ms]
2025-12-08 03:28:44.608 [info] fatal: not a git repository (or any parent up to mount point /)
Stopping at filesystem boundary (GIT_DISCOVERY_ACROSS_FILESYSTEM not set).
2025-12-08 03:28:44.660 [info] > git rev-parse --show-toplevel [0ms]
2025-12-08 03:28:44.660 [info] fatal: not a git repository (or any parent up to mount point /)
Stopping at filesystem boundary (GIT_DISCOVERY_ACROSS_FILESYSTEM not set).
2025-12-08 03:28:44.682 [info] > git rev-parse --show-toplevel [1ms]
2025-12-08 03:28:44.682 [info] fatal: not a git repository (or any parent up to mount point /)
Stopping at filesystem boundary (GIT_DISCOVERY_ACROSS_FILESYSTEM not set).
