2025-12-10 17:52:31.571 [info] Extension host with pid 21096 started
2025-12-10 17:52:31.571 [info] Skipping acquiring lock for /home/bruno/.config/Code - OSS/User/workspaceStorage/02993c2e15d1f786982c53f8258961b7.
2025-12-10 17:52:31.576 [info] ExtensionService#_doActivateExtension vscode.github-authentication, startup: false, activationEvent: 'onAuthenticationRequest:github'
2025-12-10 17:52:31.591 [info] ExtensionService#_doActivateExtension vscode.ipynb, startup: false, activationEvent: 'onNotebookSerializer:jupyter-notebook'
2025-12-10 17:52:31.605 [info] ExtensionService#_doActivateExtension vscode.git-base, startup: true, activationEvent: '*', root cause: vscode.git
2025-12-10 17:52:31.609 [info] ExtensionService#_doActivateExtension vscode.git, startup: true, activationEvent: '*'
2025-12-10 17:52:31.639 [info] ExtensionService#_doActivateExtension vscode.github, startup: true, activationEvent: '*'
2025-12-10 17:52:31.696 [info] Eager extensions activated
2025-12-10 17:52:31.697 [info] ExtensionService#_doActivateExtension vscode.debug-auto-launch, startup: false, activationEvent: 'onStartupFinished'
2025-12-10 17:52:31.698 [info] ExtensionService#_doActivateExtension vscode.merge-conflict, startup: false, activationEvent: 'onStartupFinished'
2025-12-10 17:52:31.866 [info] ExtensionService#_doActivateExtension vscode.emmet, startup: false, activationEvent: 'onLanguage'
2025-12-10 17:52:36.056 [info] Extension host terminating: renderer closed the MessagePort
2025-12-10 17:52:36.059 [info] Extension host with pid 21096 exiting with code 0
2025-12-10 17:52:36.601 [info] Extension host with pid 21231 started
2025-12-10 17:52:36.606 [info] ExtensionService#_doActivateExtension vscode.github-authentication, startup: false, activationEvent: 'onAuthenticationRequest:github'
2025-12-10 17:52:36.622 [info] ExtensionService#_doActivateExtension vscode.git-base, startup: true, activationEvent: '*', root cause: vscode.git
2025-12-10 17:52:36.625 [info] ExtensionService#_doActivateExtension vscode.git, startup: true, activationEvent: '*'
2025-12-10 17:52:36.649 [info] ExtensionService#_doActivateExtension vscode.github, startup: true, activationEvent: '*'
2025-12-10 17:52:36.696 [info] Eager extensions activated
2025-12-10 17:52:36.697 [info] ExtensionService#_doActivateExtension vscode.debug-auto-launch, startup: false, activationEvent: 'onStartupFinished'
2025-12-10 17:52:36.698 [info] ExtensionService#_doActivateExtension vscode.merge-conflict, startup: false, activationEvent: 'onStartupFinished'
2025-12-10 17:52:38.002 [info] Extension host terminating: renderer closed the MessagePort
2025-12-10 17:52:38.005 [info] Extension host with pid 21231 exiting with code 0
2025-12-10 17:52:38.607 [info] Extension host with pid 21302 started
2025-12-10 17:52:38.607 [info] Skipping acquiring lock for /home/bruno/.config/Code - OSS/User/workspaceStorage/d7c05a18f8c36aff9701467f03aae4c8.
2025-12-10 17:52:38.613 [info] ExtensionService#_doActivateExtension vscode.github-authentication, startup: false, activationEvent: 'onAuthenticationRequest:github'
2025-12-10 17:52:38.633 [info] ExtensionService#_doActivateExtension vscode.emmet, startup: false, activationEvent: 'onLanguage'
2025-12-10 17:52:38.652 [info] ExtensionService#_doActivateExtension vscode.git-base, startup: true, activationEvent: '*', root cause: vscode.git
2025-12-10 17:52:38.670 [info] ExtensionService#_doActivateExtension vscode.git, startup: true, activationEvent: '*'
2025-12-10 17:52:38.696 [info] ExtensionService#_doActivateExtension vscode.github, startup: true, activationEvent: '*'
2025-12-10 17:52:38.735 [info] Eager extensions activated
2025-12-10 17:52:38.735 [info] ExtensionService#_doActivateExtension vscode.debug-auto-launch, startup: false, activationEvent: 'onStartupFinished'
2025-12-10 17:52:38.736 [info] ExtensionService#_doActivateExtension vscode.merge-conflict, startup: false, activationEvent: 'onStartupFinished'
