2025-12-10 12:11:15.025 [info] [main] Log level: Info
2025-12-10 12:11:15.026 [info] [main] Validating found git in: "git"
2025-12-10 12:11:15.026 [info] [main] Using git "2.52.0" from "git"
2025-12-10 12:11:15.026 [info] [Model][doInitialScan] Initial repository scan started
2025-12-10 12:11:15.026 [info] > git rev-parse --show-toplevel [4ms]
2025-12-10 12:11:15.026 [info] fatal: not a git repository (or any parent up to mount point /)
Stopping at filesystem boundary (GIT_DISCOVERY_ACROSS_FILESYSTEM not set).
2025-12-10 12:11:15.026 [info] > git rev-parse --show-toplevel [1ms]
2025-12-10 12:11:15.026 [info] fatal: not a git repository (or any parent up to mount point /)
Stopping at filesystem boundary (GIT_DISCOVERY_ACROSS_FILESYSTEM not set).
2025-12-10 12:11:15.031 [info] > git rev-parse --show-toplevel [3ms]
2025-12-10 12:11:15.031 [info] fatal: not a git repository (or any parent up to mount point /)
Stopping at filesystem boundary (GIT_DISCOVERY_ACROSS_FILESYSTEM not set).
2025-12-10 12:11:15.037 [info] > git rev-parse --show-toplevel [2ms]
2025-12-10 12:11:15.037 [info] fatal: not a git repository (or any parent up to mount point /)
Stopping at filesystem boundary (GIT_DISCOVERY_ACROSS_FILESYSTEM not set).
2025-12-10 12:11:15.037 [info] [Model][doInitialScan] Initial repository scan completed - repositories (0), closed repositories (0), parent repositories (0), unsafe repositories (0)
2025-12-10 12:11:15.058 [info] > git rev-parse --show-toplevel [1ms]
2025-12-10 12:11:15.058 [info] fatal: not a git repository (or any parent up to mount point /)
Stopping at filesystem boundary (GIT_DISCOVERY_ACROSS_FILESYSTEM not set).
2025-12-10 12:11:17.570 [info] [main] Log level: Info
2025-12-10 12:11:17.570 [info] [main] Validating found git in: "git"
2025-12-10 12:11:17.570 [info] [main] Using git "2.52.0" from "git"
2025-12-10 12:11:17.570 [info] [Model][doInitialScan] Initial repository scan started
2025-12-10 12:11:17.570 [info] [Model][doInitialScan] Initial repository scan completed - repositories (0), closed repositories (0), parent repositories (0), unsafe repositories (0)
2025-12-10 12:11:53.764 [info] [main] Log level: Info
2025-12-10 12:11:53.764 [info] [main] Validating found git in: "git"
2025-12-10 12:11:53.764 [info] [main] Using git "2.52.0" from "git"
2025-12-10 12:11:53.764 [info] [Model][doInitialScan] Initial repository scan started
2025-12-10 12:11:53.764 [info] > git rev-parse --show-toplevel [3ms]
2025-12-10 12:11:53.764 [info] fatal: not a git repository (or any parent up to mount point /)
Stopping at filesystem boundary (GIT_DISCOVERY_ACROSS_FILESYSTEM not set).
2025-12-10 12:11:53.764 [info] [Model][doInitialScan] Initial repository scan completed - repositories (0), closed repositories (0), parent repositories (0), unsafe repositories (0)
2025-12-10 12:11:54.008 [info] > git rev-parse --show-toplevel [1ms]
2025-12-10 12:11:54.008 [info] fatal: not a git repository (or any parent up to mount point /)
Stopping at filesystem boundary (GIT_DISCOVERY_ACROSS_FILESYSTEM not set).
