2025-12-07 21:58:39.148 [info] [main] Log level: Info
2025-12-07 21:58:39.148 [info] [main] Validating found git in: "git"
2025-12-07 21:58:39.148 [info] [main] Using git "2.52.0" from "git"
2025-12-07 21:58:39.148 [info] [Model][doInitialScan] Initial repository scan started
2025-12-07 21:58:39.148 [info] > git rev-parse --show-toplevel [3ms]
2025-12-07 21:58:39.148 [info] fatal: not a git repository (or any parent up to mount point /)
Stopping at filesystem boundary (GIT_DISCOVERY_ACROSS_FILESYSTEM not set).
2025-12-07 21:58:39.148 [info] > git rev-parse --show-toplevel [2ms]
2025-12-07 21:58:39.148 [info] fatal: not a git repository (or any parent up to mount point /)
Stopping at filesystem boundary (GIT_DISCOVERY_ACROSS_FILESYSTEM not set).
2025-12-07 21:58:39.148 [info] > git rev-parse --show-toplevel [1ms]
2025-12-07 21:58:39.148 [info] fatal: not a git repository (or any parent up to mount point /)
Stopping at filesystem boundary (GIT_DISCOVERY_ACROSS_FILESYSTEM not set).
2025-12-07 21:58:39.148 [info] [Model][doInitialScan] Initial repository scan completed - repositories (0), closed repositories (0), parent repositories (0), unsafe repositories (0)
2025-12-07 21:58:39.219 [info] > git rev-parse --show-toplevel [6ms]
2025-12-07 21:58:39.219 [info] fatal: not a git repository (or any parent up to mount point /)
Stopping at filesystem boundary (GIT_DISCOVERY_ACROSS_FILESYSTEM not set).
2025-12-07 21:58:39.239 [info] > git rev-parse --show-toplevel [1ms]
2025-12-07 21:58:39.240 [info] fatal: not a git repository (or any parent up to mount point /)
Stopping at filesystem boundary (GIT_DISCOVERY_ACROSS_FILESYSTEM not set).
2025-12-07 21:58:39.327 [info] > git rev-parse --show-toplevel [1ms]
2025-12-07 21:58:39.327 [info] fatal: not a git repository (or any parent up to mount point /)
Stopping at filesystem boundary (GIT_DISCOVERY_ACROSS_FILESYSTEM not set).
2025-12-07 21:58:39.345 [info] > git rev-parse --show-toplevel [3ms]
2025-12-07 21:58:39.345 [info] fatal: not a git repository (or any parent up to mount point /)
Stopping at filesystem boundary (GIT_DISCOVERY_ACROSS_FILESYSTEM not set).
2025-12-07 21:58:39.358 [info] > git rev-parse --show-toplevel [1ms]
2025-12-07 21:58:39.358 [info] fatal: not a git repository (or any parent up to mount point /)
Stopping at filesystem boundary (GIT_DISCOVERY_ACROSS_FILESYSTEM not set).
2025-12-07 21:58:41.089 [info] > git rev-parse --show-toplevel [0ms]
2025-12-07 21:58:41.089 [info] fatal: not a git repository (or any parent up to mount point /)
Stopping at filesystem boundary (GIT_DISCOVERY_ACROSS_FILESYSTEM not set).
