2025-12-10 01:40:39.618 [info] [main] Log level: Info
2025-12-10 01:40:39.618 [info] [main] Validating found git in: "git"
2025-12-10 01:40:39.618 [info] [main] Using git "2.52.0" from "git"
2025-12-10 01:40:39.618 [info] [Model][doInitialScan] Initial repository scan started
2025-12-10 01:40:39.618 [info] > git rev-parse --show-toplevel [1ms]
2025-12-10 01:40:39.618 [info] fatal: not a git repository (or any parent up to mount point /)
Stopping at filesystem boundary (GIT_DISCOVERY_ACROSS_FILESYSTEM not set).
2025-12-10 01:40:39.618 [info] > git rev-parse --show-toplevel [1ms]
2025-12-10 01:40:39.618 [info] fatal: not a git repository (or any parent up to mount point /)
Stopping at filesystem boundary (GIT_DISCOVERY_ACROSS_FILESYSTEM not set).
2025-12-10 01:40:39.618 [info] > git rev-parse --show-toplevel [1ms]
2025-12-10 01:40:39.618 [info] fatal: not a git repository (or any parent up to mount point /)
Stopping at filesystem boundary (GIT_DISCOVERY_ACROSS_FILESYSTEM not set).
2025-12-10 01:40:39.618 [info] [Model][doInitialScan] Initial repository scan completed - repositories (0), closed repositories (0), parent repositories (0), unsafe repositories (0)
2025-12-10 01:40:39.618 [info] > git rev-parse --show-toplevel [1ms]
2025-12-10 01:40:39.618 [info] fatal: not a git repository (or any parent up to mount point /)
Stopping at filesystem boundary (GIT_DISCOVERY_ACROSS_FILESYSTEM not set).
2025-12-10 01:40:41.735 [info] > git rev-parse --show-toplevel [1ms]
2025-12-10 01:40:41.735 [info] fatal: not a git repository (or any parent up to mount point /)
Stopping at filesystem boundary (GIT_DISCOVERY_ACROSS_FILESYSTEM not set).
