2025-12-08 03:31:47.381 [info] [main] Log level: Info
2025-12-08 03:31:47.381 [info] [main] Validating found git in: "git"
2025-12-08 03:31:47.381 [info] [main] Using git "2.52.0" from "git"
2025-12-08 03:31:47.381 [info] [Model][doInitialScan] Initial repository scan started
2025-12-08 03:31:47.381 [info] > git rev-parse --show-toplevel [3ms]
2025-12-08 03:31:47.381 [info] fatal: not a git repository (or any parent up to mount point /)
Stopping at filesystem boundary (GIT_DISCOVERY_ACROSS_FILESYSTEM not set).
2025-12-08 03:31:47.381 [info] > git rev-parse --show-toplevel [1ms]
2025-12-08 03:31:47.381 [info] fatal: not a git repository (or any parent up to mount point /)
Stopping at filesystem boundary (GIT_DISCOVERY_ACROSS_FILESYSTEM not set).
2025-12-08 03:31:47.381 [info] > git rev-parse --show-toplevel [2ms]
2025-12-08 03:31:47.381 [info] fatal: not a git repository (or any parent up to mount point /)
Stopping at filesystem boundary (GIT_DISCOVERY_ACROSS_FILESYSTEM not set).
2025-12-08 03:31:47.398 [info] > git rev-parse --show-toplevel [15ms]
2025-12-08 03:31:47.398 [info] fatal: not a git repository (or any parent up to mount point /)
Stopping at filesystem boundary (GIT_DISCOVERY_ACROSS_FILESYSTEM not set).
2025-12-08 03:31:47.400 [info] [Model][doInitialScan] Initial repository scan completed - repositories (0), closed repositories (0), parent repositories (0), unsafe repositories (0)
2025-12-08 03:31:48.663 [info] > git rev-parse --show-toplevel [1ms]
2025-12-08 03:31:48.663 [info] fatal: not a git repository (or any parent up to mount point /)
Stopping at filesystem boundary (GIT_DISCOVERY_ACROSS_FILESYSTEM not set).
2025-12-08 03:33:11.655 [info] > git rev-parse --show-toplevel [1ms]
2025-12-08 03:33:11.655 [info] fatal: not a git repository (or any parent up to mount point /)
Stopping at filesystem boundary (GIT_DISCOVERY_ACROSS_FILESYSTEM not set).
