2025-12-08 03:05:44.976 [info] [main] Log level: Info
2025-12-08 03:05:44.976 [info] [main] Validating found git in: "git"
2025-12-08 03:05:44.976 [info] [main] Using git "2.52.0" from "git"
2025-12-08 03:05:44.976 [info] [Model][doInitialScan] Initial repository scan started
2025-12-08 03:05:44.976 [info] > git rev-parse --show-toplevel [5ms]
2025-12-08 03:05:44.976 [info] fatal: not a git repository (or any parent up to mount point /)
Stopping at filesystem boundary (GIT_DISCOVERY_ACROSS_FILESYSTEM not set).
2025-12-08 03:05:44.976 [info] > git rev-parse --show-toplevel [1ms]
2025-12-08 03:05:44.976 [info] fatal: not a git repository (or any parent up to mount point /)
Stopping at filesystem boundary (GIT_DISCOVERY_ACROSS_FILESYSTEM not set).
2025-12-08 03:05:44.976 [info] > git rev-parse --show-toplevel [1ms]
2025-12-08 03:05:44.976 [info] fatal: not a git repository (or any parent up to mount point /)
Stopping at filesystem boundary (GIT_DISCOVERY_ACROSS_FILESYSTEM not set).
2025-12-08 03:05:44.976 [info] > git rev-parse --show-toplevel [1ms]
2025-12-08 03:05:44.976 [info] fatal: not a git repository (or any parent up to mount point /)
Stopping at filesystem boundary (GIT_DISCOVERY_ACROSS_FILESYSTEM not set).
2025-12-08 03:05:44.976 [info] > git rev-parse --show-toplevel [4ms]
2025-12-08 03:05:44.976 [info] fatal: not a git repository (or any parent up to mount point /)
Stopping at filesystem boundary (GIT_DISCOVERY_ACROSS_FILESYSTEM not set).
2025-12-08 03:05:44.976 [info] > git rev-parse --show-toplevel [1ms]
2025-12-08 03:05:44.976 [info] fatal: not a git repository (or any parent up to mount point /)
Stopping at filesystem boundary (GIT_DISCOVERY_ACROSS_FILESYSTEM not set).
2025-12-08 03:05:44.976 [info] [Model][doInitialScan] Initial repository scan completed - repositories (0), closed repositories (0), parent repositories (0), unsafe repositories (0)
2025-12-08 03:05:46.702 [info] > git rev-parse --show-toplevel [0ms]
2025-12-08 03:05:46.702 [info] fatal: not a git repository (or any parent up to mount point /)
Stopping at filesystem boundary (GIT_DISCOVERY_ACROSS_FILESYSTEM not set).
2025-12-08 03:12:08.914 [info] > git rev-parse --show-toplevel [1ms]
2025-12-08 03:12:08.914 [info] fatal: not a git repository (or any parent up to mount point /)
Stopping at filesystem boundary (GIT_DISCOVERY_ACROSS_FILESYSTEM not set).
2025-12-08 03:12:27.028 [info] > git rev-parse --show-toplevel [1ms]
2025-12-08 03:12:27.028 [info] fatal: not a git repository (or any parent up to mount point /)
Stopping at filesystem boundary (GIT_DISCOVERY_ACROSS_FILESYSTEM not set).
