2025-12-07 23:58:37.838 [info] [main] Log level: Info
2025-12-07 23:58:37.838 [info] [main] Validating found git in: "git"
2025-12-07 23:58:37.838 [info] [main] Using git "2.52.0" from "git"
2025-12-07 23:58:37.838 [info] [Model][doInitialScan] Initial repository scan started
2025-12-07 23:58:37.838 [info] > git rev-parse --show-toplevel [1ms]
2025-12-07 23:58:37.838 [info] fatal: not a git repository (or any parent up to mount point /)
Stopping at filesystem boundary (GIT_DISCOVERY_ACROSS_FILESYSTEM not set).
2025-12-07 23:58:37.838 [info] > git rev-parse --show-toplevel [1ms]
2025-12-07 23:58:37.838 [info] fatal: not a git repository (or any parent up to mount point /)
Stopping at filesystem boundary (GIT_DISCOVERY_ACROSS_FILESYSTEM not set).
2025-12-07 23:58:37.838 [info] > git rev-parse --show-toplevel [1ms]
2025-12-07 23:58:37.838 [info] fatal: not a git repository (or any parent up to mount point /)
Stopping at filesystem boundary (GIT_DISCOVERY_ACROSS_FILESYSTEM not set).
2025-12-07 23:58:37.838 [info] > git rev-parse --show-toplevel [3ms]
2025-12-07 23:58:37.838 [info] fatal: not a git repository (or any parent up to mount point /)
Stopping at filesystem boundary (GIT_DISCOVERY_ACROSS_FILESYSTEM not set).
2025-12-07 23:58:37.838 [info] [Model][doInitialScan] Initial repository scan completed - repositories (0), closed repositories (0), parent repositories (0), unsafe repositories (0)
2025-12-07 23:58:37.881 [info] > git rev-parse --show-toplevel [22ms]
2025-12-07 23:58:37.881 [info] fatal: not a git repository (or any parent up to mount point /)
Stopping at filesystem boundary (GIT_DISCOVERY_ACROSS_FILESYSTEM not set).
2025-12-07 23:58:39.250 [info] > git rev-parse --show-toplevel [2ms]
2025-12-07 23:58:39.250 [info] fatal: not a git repository (or any parent up to mount point /)
Stopping at filesystem boundary (GIT_DISCOVERY_ACROSS_FILESYSTEM not set).
2025-12-07 23:58:56.961 [info] > git rev-parse --show-toplevel [1ms]
2025-12-07 23:58:56.961 [info] fatal: not a git repository (or any parent up to mount point /)
Stopping at filesystem boundary (GIT_DISCOVERY_ACROSS_FILESYSTEM not set).
2025-12-07 23:58:57.399 [info] > git rev-parse --show-toplevel [1ms]
2025-12-07 23:58:57.399 [info] fatal: not a git repository (or any parent up to mount point /)
Stopping at filesystem boundary (GIT_DISCOVERY_ACROSS_FILESYSTEM not set).
2025-12-07 23:59:12.944 [info] > git rev-parse --show-toplevel [1ms]
2025-12-07 23:59:12.944 [info] fatal: not a git repository (or any parent up to mount point /)
Stopping at filesystem boundary (GIT_DISCOVERY_ACROSS_FILESYSTEM not set).
