2025-12-08 18:12:18.312 [info] [main] Log level: Info
2025-12-08 18:12:18.312 [info] [main] Validating found git in: "git"
2025-12-08 18:12:18.312 [info] [main] Using git "2.52.0" from "git"
2025-12-08 18:12:18.312 [info] [Model][doInitialScan] Initial repository scan started
2025-12-08 18:12:18.312 [info] > git rev-parse --show-toplevel [5ms]
2025-12-08 18:12:18.312 [info] fatal: not a git repository (or any parent up to mount point /)
Stopping at filesystem boundary (GIT_DISCOVERY_ACROSS_FILESYSTEM not set).
2025-12-08 18:12:18.312 [info] > git rev-parse --show-toplevel [1ms]
2025-12-08 18:12:18.312 [info] fatal: not a git repository (or any parent up to mount point /)
Stopping at filesystem boundary (GIT_DISCOVERY_ACROSS_FILESYSTEM not set).
2025-12-08 18:12:18.312 [info] > git rev-parse --show-toplevel [0ms]
2025-12-08 18:12:18.312 [info] fatal: not a git repository (or any parent up to mount point /)
Stopping at filesystem boundary (GIT_DISCOVERY_ACROSS_FILESYSTEM not set).
2025-12-08 18:12:18.312 [info] > git rev-parse --show-toplevel [1ms]
2025-12-08 18:12:18.312 [info] fatal: not a git repository (or any parent up to mount point /)
Stopping at filesystem boundary (GIT_DISCOVERY_ACROSS_FILESYSTEM not set).
2025-12-08 18:12:18.312 [info] [Model][doInitialScan] Initial repository scan completed - repositories (0), closed repositories (0), parent repositories (0), unsafe repositories (0)
2025-12-08 18:12:18.336 [info] > git rev-parse --show-toplevel [1ms]
2025-12-08 18:12:18.336 [info] fatal: not a git repository (or any parent up to mount point /)
Stopping at filesystem boundary (GIT_DISCOVERY_ACROSS_FILESYSTEM not set).
2025-12-08 18:12:18.374 [info] > git rev-parse --show-toplevel [1ms]
2025-12-08 18:12:18.374 [info] fatal: not a git repository (or any parent up to mount point /)
Stopping at filesystem boundary (GIT_DISCOVERY_ACROSS_FILESYSTEM not set).
2025-12-08 18:12:18.389 [info] > git rev-parse --show-toplevel [0ms]
2025-12-08 18:12:18.389 [info] fatal: not a git repository (or any parent up to mount point /)
Stopping at filesystem boundary (GIT_DISCOVERY_ACROSS_FILESYSTEM not set).
2025-12-08 18:12:18.416 [info] > git rev-parse --show-toplevel [3ms]
2025-12-08 18:12:18.416 [info] fatal: not a git repository (or any parent up to mount point /)
Stopping at filesystem boundary (GIT_DISCOVERY_ACROSS_FILESYSTEM not set).
2025-12-08 18:12:18.418 [info] > git rev-parse --show-toplevel [1ms]
2025-12-08 18:12:18.418 [info] fatal: not a git repository (or any parent up to mount point /)
Stopping at filesystem boundary (GIT_DISCOVERY_ACROSS_FILESYSTEM not set).
2025-12-08 18:12:18.429 [info] > git rev-parse --show-toplevel [0ms]
2025-12-08 18:12:18.430 [info] fatal: not a git repository (or any parent up to mount point /)
Stopping at filesystem boundary (GIT_DISCOVERY_ACROSS_FILESYSTEM not set).
2025-12-08 18:12:20.246 [info] > git rev-parse --show-toplevel [0ms]
2025-12-08 18:12:20.246 [info] fatal: not a git repository (or any parent up to mount point /)
Stopping at filesystem boundary (GIT_DISCOVERY_ACROSS_FILESYSTEM not set).
2025-12-08 18:13:01.953 [info] > git rev-parse --show-toplevel [16ms]
2025-12-08 18:13:01.953 [info] fatal: not a git repository (or any parent up to mount point /)
Stopping at filesystem boundary (GIT_DISCOVERY_ACROSS_FILESYSTEM not set).
