2025-12-07 22:03:46.218 [info] [main] Log level: Info
2025-12-07 22:03:46.218 [info] [main] Validating found git in: "git"
2025-12-07 22:03:46.218 [info] [main] Using git "2.52.0" from "git"
2025-12-07 22:03:46.218 [info] [Model][doInitialScan] Initial repository scan started
2025-12-07 22:03:46.218 [info] > git rev-parse --show-toplevel [3ms]
2025-12-07 22:03:46.218 [info] fatal: not a git repository (or any parent up to mount point /)
Stopping at filesystem boundary (GIT_DISCOVERY_ACROSS_FILESYSTEM not set).
2025-12-07 22:03:46.218 [info] > git rev-parse --show-toplevel [1ms]
2025-12-07 22:03:46.218 [info] fatal: not a git repository (or any parent up to mount point /)
Stopping at filesystem boundary (GIT_DISCOVERY_ACROSS_FILESYSTEM not set).
2025-12-07 22:03:46.218 [info] > git rev-parse --show-toplevel [2ms]
2025-12-07 22:03:46.218 [info] fatal: not a git repository (or any parent up to mount point /)
Stopping at filesystem boundary (GIT_DISCOVERY_ACROSS_FILESYSTEM not set).
2025-12-07 22:03:46.218 [info] > git rev-parse --show-toplevel [1ms]
2025-12-07 22:03:46.218 [info] fatal: not a git repository (or any parent up to mount point /)
Stopping at filesystem boundary (GIT_DISCOVERY_ACROSS_FILESYSTEM not set).
2025-12-07 22:03:46.218 [info] [Model][doInitialScan] Initial repository scan completed - repositories (0), closed repositories (0), parent repositories (0), unsafe repositories (0)
2025-12-07 22:03:46.218 [info] > git rev-parse --show-toplevel [1ms]
2025-12-07 22:03:46.218 [info] fatal: not a git repository (or any parent up to mount point /)
Stopping at filesystem boundary (GIT_DISCOVERY_ACROSS_FILESYSTEM not set).
2025-12-07 22:03:46.272 [info] > git rev-parse --show-toplevel [30ms]
2025-12-07 22:03:46.272 [info] fatal: not a git repository (or any parent up to mount point /)
Stopping at filesystem boundary (GIT_DISCOVERY_ACROSS_FILESYSTEM not set).
2025-12-07 22:03:47.861 [info] > git rev-parse --show-toplevel [1ms]
2025-12-07 22:03:47.861 [info] fatal: not a git repository (or any parent up to mount point /)
Stopping at filesystem boundary (GIT_DISCOVERY_ACROSS_FILESYSTEM not set).
2025-12-07 22:04:23.958 [info] > git rev-parse --show-toplevel [1ms]
2025-12-07 22:04:23.958 [info] fatal: not a git repository (or any parent up to mount point /)
Stopping at filesystem boundary (GIT_DISCOVERY_ACROSS_FILESYSTEM not set).
