2025-12-10 18:58:33.380 [info] [main] Log level: Info
2025-12-10 18:58:33.380 [info] [main] Validating found git in: "git"
2025-12-10 18:58:33.380 [info] [main] Using git "2.52.0" from "git"
2025-12-10 18:58:33.380 [info] [Model][doInitialScan] Initial repository scan started
2025-12-10 18:58:33.380 [info] [Model][doInitialScan] Initial repository scan completed - repositories (0), closed repositories (0), parent repositories (0), unsafe repositories (0)
2025-12-10 18:58:35.018 [info] [main] Log level: Info
2025-12-10 18:58:35.018 [info] [main] Validating found git in: "git"
2025-12-10 18:58:35.018 [info] [main] Using git "2.52.0" from "git"
2025-12-10 18:58:35.018 [info] [Model][doInitialScan] Initial repository scan started
2025-12-10 18:58:35.018 [info] > git rev-parse --show-toplevel [3ms]
2025-12-10 18:58:35.018 [info] fatal: not a git repository (or any parent up to mount point /)
Stopping at filesystem boundary (GIT_DISCOVERY_ACROSS_FILESYSTEM not set).
2025-12-10 18:58:35.022 [info] > git rev-parse --show-toplevel [1ms]
2025-12-10 18:58:35.022 [info] fatal: not a git repository (or any parent up to mount point /)
Stopping at filesystem boundary (GIT_DISCOVERY_ACROSS_FILESYSTEM not set).
2025-12-10 18:58:35.024 [info] > git rev-parse --show-toplevel [0ms]
2025-12-10 18:58:35.024 [info] fatal: not a git repository (or any parent up to mount point /)
Stopping at filesystem boundary (GIT_DISCOVERY_ACROSS_FILESYSTEM not set).
2025-12-10 18:58:35.025 [info] [Model][doInitialScan] Initial repository scan completed - repositories (0), closed repositories (0), parent repositories (0), unsafe repositories (0)
2025-12-10 18:58:35.991 [info] > git rev-parse --show-toplevel [1ms]
2025-12-10 18:58:35.991 [info] fatal: not a git repository (or any parent up to mount point /)
Stopping at filesystem boundary (GIT_DISCOVERY_ACROSS_FILESYSTEM not set).
2025-12-10 18:58:36.959 [info] > git rev-parse --show-toplevel [0ms]
2025-12-10 18:58:36.959 [info] fatal: not a git repository (or any parent up to mount point /)
Stopping at filesystem boundary (GIT_DISCOVERY_ACROSS_FILESYSTEM not set).
2025-12-10 18:58:37.153 [info] > git rev-parse --show-toplevel [1ms]
2025-12-10 18:58:37.153 [info] fatal: not a git repository (or any parent up to mount point /)
Stopping at filesystem boundary (GIT_DISCOVERY_ACROSS_FILESYSTEM not set).
