2025-12-08 03:18:07.163 [info] Extension host with pid 203021 started
2025-12-08 03:18:07.163 [info] Skipping acquiring lock for /home/bruno/.config/Code/User/workspaceStorage/7cf060428974e9d3c6dca7d318bbcf24.
2025-12-08 03:18:07.325 [info] ExtensionService#_doActivateExtension vscode.github-authentication, startup: false, activationEvent: 'onAuthenticationRequest:github'
2025-12-08 03:18:07.341 [info] ExtensionService#_doActivateExtension vscode.emmet, startup: false, activationEvent: 'onLanguage'
2025-12-08 03:18:07.351 [info] ExtensionService#_doActivateExtension vscode.css-language-features, startup: false, activationEvent: 'onLanguage:css'
2025-12-08 03:18:07.524 [info] ExtensionService#_doActivateExtension vscode.git-base, startup: true, activationEvent: '*', root cause: vscode.git
2025-12-08 03:18:07.525 [info] ExtensionService#_doActivateExtension dlasagno.wal-theme, startup: true, activationEvent: '*'
2025-12-08 03:18:07.555 [info] ExtensionService#_doActivateExtension vscode.git, startup: true, activationEvent: '*'
2025-12-08 03:18:07.583 [info] ExtensionService#_doActivateExtension vscode.github, startup: true, activationEvent: '*'
2025-12-08 03:18:07.654 [info] Eager extensions activated
2025-12-08 03:18:07.662 [info] ExtensionService#_doActivateExtension vscode.debug-auto-launch, startup: false, activationEvent: 'onStartupFinished'
2025-12-08 03:18:07.663 [info] ExtensionService#_doActivateExtension vscode.merge-conflict, startup: false, activationEvent: 'onStartupFinished'
2025-12-08 03:18:07.672 [info] ExtensionService#_doActivateExtension PKief.material-icon-theme, startup: false, activationEvent: 'onStartupFinished'
2025-12-08 03:18:07.680 [info] ExtensionService#_doActivateExtension usernamehw.errorlens, startup: false, activationEvent: 'onStartupFinished'
2025-12-08 03:18:10.548 [info] Extension host terminating: renderer closed the MessagePort
2025-12-08 03:18:10.555 [info] Extension host with pid 203021 exiting with code 0
2025-12-08 03:18:11.091 [info] Extension host with pid 203239 started
2025-12-08 03:18:11.104 [info] ExtensionService#_doActivateExtension vscode.github-authentication, startup: false, activationEvent: 'onAuthenticationRequest:github'
2025-12-08 03:18:11.180 [info] ExtensionService#_doActivateExtension vscode.git-base, startup: true, activationEvent: '*', root cause: vscode.git
2025-12-08 03:18:11.182 [info] ExtensionService#_doActivateExtension dlasagno.wal-theme, startup: true, activationEvent: '*'
2025-12-08 03:18:11.221 [info] ExtensionService#_doActivateExtension vscode.git, startup: true, activationEvent: '*'
2025-12-08 03:18:11.250 [info] ExtensionService#_doActivateExtension vscode.github, startup: true, activationEvent: '*'
2025-12-08 03:18:11.310 [info] Eager extensions activated
2025-12-08 03:18:11.316 [info] ExtensionService#_doActivateExtension vscode.debug-auto-launch, startup: false, activationEvent: 'onStartupFinished'
2025-12-08 03:18:11.317 [info] ExtensionService#_doActivateExtension vscode.merge-conflict, startup: false, activationEvent: 'onStartupFinished'
2025-12-08 03:18:11.327 [info] ExtensionService#_doActivateExtension PKief.material-icon-theme, startup: false, activationEvent: 'onStartupFinished'
2025-12-08 03:18:11.335 [info] ExtensionService#_doActivateExtension usernamehw.errorlens, startup: false, activationEvent: 'onStartupFinished'
2025-12-08 03:18:13.585 [info] Extension host terminating: renderer closed the MessagePort
2025-12-08 03:18:13.593 [info] Extension host with pid 203239 exiting with code 0
2025-12-08 03:18:14.156 [info] Extension host with pid 203307 started
2025-12-08 03:18:14.156 [info] Skipping acquiring lock for /home/bruno/.config/Code/User/workspaceStorage/7f1ca1997d78edd18783f6b9f4aad186.
2025-12-08 03:18:14.205 [info] ExtensionService#_doActivateExtension vscode.github-authentication, startup: false, activationEvent: 'onAuthenticationRequest:github'
2025-12-08 03:18:14.219 [info] ExtensionService#_doActivateExtension vscode.emmet, startup: false, activationEvent: 'onLanguage'
2025-12-08 03:18:14.255 [info] ExtensionService#_doActivateExtension vscode.git-base, startup: true, activationEvent: '*', root cause: vscode.git
2025-12-08 03:18:14.256 [info] ExtensionService#_doActivateExtension dlasagno.wal-theme, startup: true, activationEvent: '*'
2025-12-08 03:18:14.294 [info] ExtensionService#_doActivateExtension vscode.git, startup: true, activationEvent: '*'
2025-12-08 03:18:14.321 [info] ExtensionService#_doActivateExtension vscode.github, startup: true, activationEvent: '*'
2025-12-08 03:18:14.389 [info] Eager extensions activated
2025-12-08 03:18:14.406 [info] ExtensionService#_doActivateExtension vscode.debug-auto-launch, startup: false, activationEvent: 'onStartupFinished'
2025-12-08 03:18:14.408 [info] ExtensionService#_doActivateExtension vscode.merge-conflict, startup: false, activationEvent: 'onStartupFinished'
2025-12-08 03:18:14.417 [info] ExtensionService#_doActivateExtension PKief.material-icon-theme, startup: false, activationEvent: 'onStartupFinished'
2025-12-08 03:18:14.425 [info] ExtensionService#_doActivateExtension usernamehw.errorlens, startup: false, activationEvent: 'onStartupFinished'
2025-12-08 03:21:06.616 [info] Extension host terminating: renderer closed the MessagePort
2025-12-08 03:21:06.623 [info] Extension host with pid 203307 exiting with code 0
